C:\TEMP\BIRDSHOPOPENSOURCE\BIRDSIMULATOR\BIRDSIMULATOR.EXE
C:\TEMP\BIRDSHOPOPENSOURCE\BIRDSIMULATOR\BIRDSIMULATOR.PDB
C:\TEMP\BIRDSHOPOPENSOURCE\BIRDSIMULATOR\BIRDSIMULATOR\X64\RELEASE\BIRD.OBJ
C:\TEMP\BIRDSHOPOPENSOURCE\BIRDSIMULATOR\BIRDSIMULATOR\X64\RELEASE\BIRDSIMULATOR.EXE.INTERMEDIATE.MANIFEST
C:\Temp\BirdShopOpenSource\BirdSimulator\BirdSimulator\x64\Release\BirdSimulator.vcxprojResolveAssemblyReference.cache
C:\Temp\BirdShopOpenSource\BirdSimulator\BirdSimulator\x64\Release\BirdSimulator.write.1.tlog
C:\TEMP\BIRDSHOPOPENSOURCE\BIRDSIMULATOR\BIRDSIMULATOR\X64\RELEASE\BODY.OBJ
C:\TEMP\BIRDSHOPOPENSOURCE\BIRDSIMULATOR\BIRDSIMULATOR\X64\RELEASE\CAPTUREMOTION.OBJ
C:\Temp\BirdShopOpenSource\BirdSimulator\BirdSimulator\x64\Release\cl.command.1.tlog
C:\Temp\BirdShopOpenSource\BirdSimulator\BirdSimulator\x64\Release\CL.read.1.tlog
C:\Temp\BirdShopOpenSource\BirdSimulator\BirdSimulator\x64\Release\CL.write.1.tlog
C:\TEMP\BIRDSHOPOPENSOURCE\BIRDSIMULATOR\BIRDSIMULATOR\X64\RELEASE\CONTROLLER.OBJ
C:\TEMP\BIRDSHOPOPENSOURCE\BIRDSIMULATOR\BIRDSIMULATOR\X64\RELEASE\FEATHERS.OBJ
C:\TEMP\BIRDSHOPOPENSOURCE\BIRDSIMULATOR\BIRDSIMULATOR\X64\RELEASE\GUI.OBJ
C:\Temp\BirdShopOpenSource\BirdSimulator\BirdSimulator\x64\Release\link.command.1.tlog
C:\Temp\BirdShopOpenSource\BirdSimulator\BirdSimulator\x64\Release\link.read.1.tlog
C:\Temp\BirdShopOpenSource\BirdSimulator\BirdSimulator\x64\Release\link.write.1.tlog
C:\TEMP\BIRDSHOPOPENSOURCE\BIRDSIMULATOR\BIRDSIMULATOR\X64\RELEASE\MAIN.OBJ
C:\TEMP\BIRDSHOPOPENSOURCE\BIRDSIMULATOR\BIRDSIMULATOR\X64\RELEASE\MESHMODEL.OBJ
C:\Temp\BirdShopOpenSource\BirdSimulator\BirdSimulator\x64\Release\mt.command.1.tlog
C:\Temp\BirdShopOpenSource\BirdSimulator\BirdSimulator\x64\Release\mt.read.1.tlog
C:\Temp\BirdShopOpenSource\BirdSimulator\BirdSimulator\x64\Release\mt.write.1.tlog
C:\TEMP\BIRDSHOPOPENSOURCE\BIRDSIMULATOR\BIRDSIMULATOR\X64\RELEASE\PHYENGINE.OBJ
C:\TEMP\BIRDSHOPOPENSOURCE\BIRDSIMULATOR\BIRDSIMULATOR\X64\RELEASE\RENDERBIRD.OBJ
C:\TEMP\BIRDSHOPOPENSOURCE\BIRDSIMULATOR\BIRDSIMULATOR\X64\RELEASE\SYSTEMSTATE.OBJ
C:\TEMP\BIRDSHOPOPENSOURCE\BIRDSIMULATOR\BIRDSIMULATOR\X64\RELEASE\UTIL.OBJ
C:\TEMP\BIRDSHOPOPENSOURCE\BIRDSIMULATOR\BIRDSIMULATOR\X64\RELEASE\VC100.PDB
C:\TEMP\BIRDSHOPOPENSOURCE\BIRDSIMULATOR\X64\RELEASE\BIRDSIMULATOR.EXE
D:\BIRDSHOPOPENSOURCE\BIRDSIMULATOR\BIRDSIMULATOR\X64\RELEASE\BIRD.OBJ
D:\BIRDSHOPOPENSOURCE\BIRDSIMULATOR\BIRDSIMULATOR\X64\RELEASE\BIRDSIMULATOR.EXE.INTERMEDIATE.MANIFEST
D:\BIRDSHOPOPENSOURCE\BIRDSIMULATOR\BIRDSIMULATOR\X64\RELEASE\BODY.OBJ
D:\BIRDSHOPOPENSOURCE\BIRDSIMULATOR\BIRDSIMULATOR\X64\RELEASE\CAPTUREMOTION.OBJ
D:\BIRDSHOPOPENSOURCE\BIRDSIMULATOR\BIRDSIMULATOR\X64\RELEASE\CONTROLLER.OBJ
D:\BIRDSHOPOPENSOURCE\BIRDSIMULATOR\BIRDSIMULATOR\X64\RELEASE\FEATHERS.OBJ
D:\BIRDSHOPOPENSOURCE\BIRDSIMULATOR\BIRDSIMULATOR\X64\RELEASE\GUI.OBJ
D:\BIRDSHOPOPENSOURCE\BIRDSIMULATOR\BIRDSIMULATOR\X64\RELEASE\MAIN.OBJ
D:\BIRDSHOPOPENSOURCE\BIRDSIMULATOR\BIRDSIMULATOR\X64\RELEASE\MESHMODEL.OBJ
D:\BIRDSHOPOPENSOURCE\BIRDSIMULATOR\BIRDSIMULATOR\X64\RELEASE\PHYENGINE.OBJ
D:\BIRDSHOPOPENSOURCE\BIRDSIMULATOR\BIRDSIMULATOR\X64\RELEASE\RENDERBIRD.OBJ
D:\BIRDSHOPOPENSOURCE\BIRDSIMULATOR\BIRDSIMULATOR\X64\RELEASE\SYSTEMSTATE.OBJ
D:\BIRDSHOPOPENSOURCE\BIRDSIMULATOR\BIRDSIMULATOR\X64\RELEASE\UTIL.OBJ
D:\BIRDSHOPOPENSOURCE\BIRDSIMULATOR\BIRDSIMULATOR\X64\RELEASE\VC100.PDB
D:\BIRDSHOPOPENSOURCE\BIRDSIMULATOR\X64\RELEASE\BIRDSIMULATOR.EXE
D:\BIRDSHOPOPENSOURCE\BIRDSIMULATOR\X64\RELEASE\BIRDSIMULATOR.PDB
